<?xml version="1.0" encoding="UTF-8"?>
<!-- Generated by org.testng.reporters.JUnitXMLReporter -->
<testsuite ignored="0" hostname="akilan-18633-gf" failures="2" tests="2" name="Test(failed)" time="44.67" errors="0" timestamp="2024-01-08T11:19:49 IST">
  <testcase classname="playwrightpomtests.RegisterUserTC" name="registerUSer" time="9.235">
    <failure type="com.microsoft.playwright.PlaywrightException" message="Error {
  message=&amp;apos;SyntaxError: Unexpected identifier &amp;apos;Given&amp;apos;
    at eval (&amp;lt;anonymous&amp;gt;)
    at UtilityScript.evaluate (&amp;lt;anonymous&amp;gt;:226:30)
    at UtilityScript.&amp;lt;anonymous&amp;gt; (&amp;lt;anonymous&amp;gt;:1:44)
  name=&amp;apos;Error
  stack=&amp;apos;Error: SyntaxError: Unexpected identifier &amp;apos;Given&amp;apos;
    at eval (&amp;lt;anonymous&amp;gt;)
    at UtilityScript.evaluate (&amp;lt;anonymous&amp;gt;:226:30)
    at UtilityScript.&amp;lt;anonymous&amp;gt; (&amp;lt;anonymous&amp;gt;:1:44)
    at CRExecutionContext.evaluateWithArguments (C:\Users\AKILAN~1\AppData\Local\Temp\playwright-java-3241920791518933275\package\lib\server\chromium\crExecutionContext.js:92:33)
    at async LongStandingScope._race (C:\Users\AKILAN~1\AppData\Local\Temp\playwright-java-3241920791518933275\package\lib\utils\manualPromise.js:96:14)
    at async Object.evaluateExpression (C:\Users\AKILAN~1\AppData\Local\Temp\playwright-java-3241920791518933275\package\lib\server\javascript.js:241:12)
    at async Frame.evaluateExpression (C:\Users\AKILAN~1\AppData\Local\Temp\playwright-java-3241920791518933275\package\lib\server\frames.js:598:19)
    at async FrameDispatcher.evaluateExpression (C:\Users\AKILAN~1\AppData\Local\Temp\playwright-java-3241920791518933275\package\lib\server\dispatchers\frameDispatcher.js:85:55)
    at async LongStandingScope._race (C:\Users\AKILAN~1\AppData\Local\Temp\playwright-java-3241920791518933275\package\lib\utils\manualPromise.js:96:14)
    at async FrameDispatcher._handleCommand (C:\Users\AKILAN~1\AppData\Local\Temp\playwright-java-3241920791518933275\package\lib\server\dispatchers\dispatcher.js:86:14)
    at async DispatcherConnection.dispatch (C:\Users\AKILAN~1\AppData\Local\Temp\playwright-java-3241920791518933275\package\lib\server\dispatchers\dispatcher.js:351:22)
}">
      <![CDATA[com.microsoft.playwright.PlaywrightException: Error {
  message='SyntaxError: Unexpected identifier 'Given'
    at eval (<anonymous>)
    at UtilityScript.evaluate (<anonymous>:226:30)
    at UtilityScript.<anonymous> (<anonymous>:1:44)
  name='Error
  stack='Error: SyntaxError: Unexpected identifier 'Given'
    at eval (<anonymous>)
    at UtilityScript.evaluate (<anonymous>:226:30)
    at UtilityScript.<anonymous> (<anonymous>:1:44)
    at CRExecutionContext.evaluateWithArguments (C:\Users\AKILAN~1\AppData\Local\Temp\playwright-java-3241920791518933275\package\lib\server\chromium\crExecutionContext.js:92:33)
    at async LongStandingScope._race (C:\Users\AKILAN~1\AppData\Local\Temp\playwright-java-3241920791518933275\package\lib\utils\manualPromise.js:96:14)
    at async Object.evaluateExpression (C:\Users\AKILAN~1\AppData\Local\Temp\playwright-java-3241920791518933275\package\lib\server\javascript.js:241:12)
    at async Frame.evaluateExpression (C:\Users\AKILAN~1\AppData\Local\Temp\playwright-java-3241920791518933275\package\lib\server\frames.js:598:19)
    at async FrameDispatcher.evaluateExpression (C:\Users\AKILAN~1\AppData\Local\Temp\playwright-java-3241920791518933275\package\lib\server\dispatchers\frameDispatcher.js:85:55)
    at async LongStandingScope._race (C:\Users\AKILAN~1\AppData\Local\Temp\playwright-java-3241920791518933275\package\lib\utils\manualPromise.js:96:14)
    at async FrameDispatcher._handleCommand (C:\Users\AKILAN~1\AppData\Local\Temp\playwright-java-3241920791518933275\package\lib\server\dispatchers\dispatcher.js:86:14)
    at async DispatcherConnection.dispatch (C:\Users\AKILAN~1\AppData\Local\Temp\playwright-java-3241920791518933275\package\lib\server\dispatchers\dispatcher.js:351:22)
}
at com.microsoft.playwright.impl.WaitableResult.get(WaitableResult.java:54)
at com.microsoft.playwright.impl.ChannelOwner.runUntil(ChannelOwner.java:120)
at com.microsoft.playwright.impl.Connection.sendMessage(Connection.java:129)
at com.microsoft.playwright.impl.ChannelOwner.sendMessage(ChannelOwner.java:106)
at com.microsoft.playwright.impl.FrameImpl.evaluateImpl(FrameImpl.java:304)
at com.microsoft.playwright.impl.PageImpl.lambda$evaluate$22(PageImpl.java:626)
at com.microsoft.playwright.impl.LoggingSupport.withLogging(LoggingSupport.java:47)
at com.microsoft.playwright.impl.ChannelOwner.withLogging(ChannelOwner.java:89)
at com.microsoft.playwright.impl.PageImpl.evaluate(PageImpl.java:626)
at com.microsoft.playwright.Page.evaluate(Page.java:4253)
at playwrighttestautomation.PlaywrightConnection.setTestStatus(PlaywrightConnection.java:35)
at playwrightpomtests.RegisterUserTC.registerUSer(RegisterUserTC.java:59)
at java.base/java.util.ArrayList.forEach(ArrayList.java:1511)
Caused by: com.microsoft.playwright.impl.DriverException: Error {
  message='SyntaxError: Unexpected identifier 'Given'
    at eval (<anonymous>)
    at UtilityScript.evaluate (<anonymous>:226:30)
    at UtilityScript.<anonymous> (<anonymous>:1:44)
  name='Error
  stack='Error: SyntaxError: Unexpected identifier 'Given'
    at eval (<anonymous>)
    at UtilityScript.evaluate (<anonymous>:226:30)
    at UtilityScript.<anonymous> (<anonymous>:1:44)
    at CRExecutionContext.evaluateWithArguments (C:\Users\AKILAN~1\AppData\Local\Temp\playwright-java-3241920791518933275\package\lib\server\chromium\crExecutionContext.js:92:33)
    at async LongStandingScope._race (C:\Users\AKILAN~1\AppData\Local\Temp\playwright-java-3241920791518933275\package\lib\utils\manualPromise.js:96:14)
    at async Object.evaluateExpression (C:\Users\AKILAN~1\AppData\Local\Temp\playwright-java-3241920791518933275\package\lib\server\javascript.js:241:12)
    at async Frame.evaluateExpression (C:\Users\AKILAN~1\AppData\Local\Temp\playwright-java-3241920791518933275\package\lib\server\frames.js:598:19)
    at async FrameDispatcher.evaluateExpression (C:\Users\AKILAN~1\AppData\Local\Temp\playwright-java-3241920791518933275\package\lib\server\dispatchers\frameDispatcher.js:85:55)
    at async LongStandingScope._race (C:\Users\AKILAN~1\AppData\Local\Temp\playwright-java-3241920791518933275\package\lib\utils\manualPromise.js:96:14)
    at async FrameDispatcher._handleCommand (C:\Users\AKILAN~1\AppData\Local\Temp\playwright-java-3241920791518933275\package\lib\server\dispatchers\dispatcher.js:86:14)
    at async DispatcherConnection.dispatch (C:\Users\AKILAN~1\AppData\Local\Temp\playwright-java-3241920791518933275\package\lib\server\dispatchers\dispatcher.js:351:22)
}
at com.microsoft.playwright.impl.Connection.dispatch(Connection.java:257)
at com.microsoft.playwright.impl.Connection.processOneMessage(Connection.java:209)
at com.microsoft.playwright.impl.ChannelOwner.runUntil(ChannelOwner.java:118)
... 38 more
... Removed 27 stack frames]]>
    </failure>
  </testcase> <!-- registerUSer -->
  <testcase classname="playwrightpomtests.LoginUserTC" name="registerUSer" time="9.585">
    <failure type="com.microsoft.playwright.PlaywrightException" message="Error {
  message=&amp;apos;SyntaxError: Unexpected identifier &amp;apos;Given&amp;apos;
    at eval (&amp;lt;anonymous&amp;gt;)
    at UtilityScript.evaluate (&amp;lt;anonymous&amp;gt;:226:30)
    at UtilityScript.&amp;lt;anonymous&amp;gt; (&amp;lt;anonymous&amp;gt;:1:44)
  name=&amp;apos;Error
  stack=&amp;apos;Error: SyntaxError: Unexpected identifier &amp;apos;Given&amp;apos;
    at eval (&amp;lt;anonymous&amp;gt;)
    at UtilityScript.evaluate (&amp;lt;anonymous&amp;gt;:226:30)
    at UtilityScript.&amp;lt;anonymous&amp;gt; (&amp;lt;anonymous&amp;gt;:1:44)
    at CRExecutionContext.evaluateWithArguments (C:\Users\AKILAN~1\AppData\Local\Temp\playwright-java-3241920791518933275\package\lib\server\chromium\crExecutionContext.js:92:33)
    at async LongStandingScope._race (C:\Users\AKILAN~1\AppData\Local\Temp\playwright-java-3241920791518933275\package\lib\utils\manualPromise.js:96:14)
    at async Object.evaluateExpression (C:\Users\AKILAN~1\AppData\Local\Temp\playwright-java-3241920791518933275\package\lib\server\javascript.js:241:12)
    at async Frame.evaluateExpression (C:\Users\AKILAN~1\AppData\Local\Temp\playwright-java-3241920791518933275\package\lib\server\frames.js:598:19)
    at async FrameDispatcher.evaluateExpression (C:\Users\AKILAN~1\AppData\Local\Temp\playwright-java-3241920791518933275\package\lib\server\dispatchers\frameDispatcher.js:85:55)
    at async LongStandingScope._race (C:\Users\AKILAN~1\AppData\Local\Temp\playwright-java-3241920791518933275\package\lib\utils\manualPromise.js:96:14)
    at async FrameDispatcher._handleCommand (C:\Users\AKILAN~1\AppData\Local\Temp\playwright-java-3241920791518933275\package\lib\server\dispatchers\dispatcher.js:86:14)
    at async DispatcherConnection.dispatch (C:\Users\AKILAN~1\AppData\Local\Temp\playwright-java-3241920791518933275\package\lib\server\dispatchers\dispatcher.js:351:22)
}">
      <![CDATA[com.microsoft.playwright.PlaywrightException: Error {
  message='SyntaxError: Unexpected identifier 'Given'
    at eval (<anonymous>)
    at UtilityScript.evaluate (<anonymous>:226:30)
    at UtilityScript.<anonymous> (<anonymous>:1:44)
  name='Error
  stack='Error: SyntaxError: Unexpected identifier 'Given'
    at eval (<anonymous>)
    at UtilityScript.evaluate (<anonymous>:226:30)
    at UtilityScript.<anonymous> (<anonymous>:1:44)
    at CRExecutionContext.evaluateWithArguments (C:\Users\AKILAN~1\AppData\Local\Temp\playwright-java-3241920791518933275\package\lib\server\chromium\crExecutionContext.js:92:33)
    at async LongStandingScope._race (C:\Users\AKILAN~1\AppData\Local\Temp\playwright-java-3241920791518933275\package\lib\utils\manualPromise.js:96:14)
    at async Object.evaluateExpression (C:\Users\AKILAN~1\AppData\Local\Temp\playwright-java-3241920791518933275\package\lib\server\javascript.js:241:12)
    at async Frame.evaluateExpression (C:\Users\AKILAN~1\AppData\Local\Temp\playwright-java-3241920791518933275\package\lib\server\frames.js:598:19)
    at async FrameDispatcher.evaluateExpression (C:\Users\AKILAN~1\AppData\Local\Temp\playwright-java-3241920791518933275\package\lib\server\dispatchers\frameDispatcher.js:85:55)
    at async LongStandingScope._race (C:\Users\AKILAN~1\AppData\Local\Temp\playwright-java-3241920791518933275\package\lib\utils\manualPromise.js:96:14)
    at async FrameDispatcher._handleCommand (C:\Users\AKILAN~1\AppData\Local\Temp\playwright-java-3241920791518933275\package\lib\server\dispatchers\dispatcher.js:86:14)
    at async DispatcherConnection.dispatch (C:\Users\AKILAN~1\AppData\Local\Temp\playwright-java-3241920791518933275\package\lib\server\dispatchers\dispatcher.js:351:22)
}
at com.microsoft.playwright.impl.WaitableResult.get(WaitableResult.java:54)
at com.microsoft.playwright.impl.ChannelOwner.runUntil(ChannelOwner.java:120)
at com.microsoft.playwright.impl.Connection.sendMessage(Connection.java:129)
at com.microsoft.playwright.impl.ChannelOwner.sendMessage(ChannelOwner.java:106)
at com.microsoft.playwright.impl.FrameImpl.evaluateImpl(FrameImpl.java:304)
at com.microsoft.playwright.impl.PageImpl.lambda$evaluate$22(PageImpl.java:626)
at com.microsoft.playwright.impl.LoggingSupport.withLogging(LoggingSupport.java:47)
at com.microsoft.playwright.impl.ChannelOwner.withLogging(ChannelOwner.java:89)
at com.microsoft.playwright.impl.PageImpl.evaluate(PageImpl.java:626)
at com.microsoft.playwright.Page.evaluate(Page.java:4253)
at playwrighttestautomation.PlaywrightConnection.setTestStatus(PlaywrightConnection.java:35)
at playwrightpomtests.LoginUserTC.registerUSer(LoginUserTC.java:45)
at java.base/java.util.ArrayList.forEach(ArrayList.java:1511)
Caused by: com.microsoft.playwright.impl.DriverException: Error {
  message='SyntaxError: Unexpected identifier 'Given'
    at eval (<anonymous>)
    at UtilityScript.evaluate (<anonymous>:226:30)
    at UtilityScript.<anonymous> (<anonymous>:1:44)
  name='Error
  stack='Error: SyntaxError: Unexpected identifier 'Given'
    at eval (<anonymous>)
    at UtilityScript.evaluate (<anonymous>:226:30)
    at UtilityScript.<anonymous> (<anonymous>:1:44)
    at CRExecutionContext.evaluateWithArguments (C:\Users\AKILAN~1\AppData\Local\Temp\playwright-java-3241920791518933275\package\lib\server\chromium\crExecutionContext.js:92:33)
    at async LongStandingScope._race (C:\Users\AKILAN~1\AppData\Local\Temp\playwright-java-3241920791518933275\package\lib\utils\manualPromise.js:96:14)
    at async Object.evaluateExpression (C:\Users\AKILAN~1\AppData\Local\Temp\playwright-java-3241920791518933275\package\lib\server\javascript.js:241:12)
    at async Frame.evaluateExpression (C:\Users\AKILAN~1\AppData\Local\Temp\playwright-java-3241920791518933275\package\lib\server\frames.js:598:19)
    at async FrameDispatcher.evaluateExpression (C:\Users\AKILAN~1\AppData\Local\Temp\playwright-java-3241920791518933275\package\lib\server\dispatchers\frameDispatcher.js:85:55)
    at async LongStandingScope._race (C:\Users\AKILAN~1\AppData\Local\Temp\playwright-java-3241920791518933275\package\lib\utils\manualPromise.js:96:14)
    at async FrameDispatcher._handleCommand (C:\Users\AKILAN~1\AppData\Local\Temp\playwright-java-3241920791518933275\package\lib\server\dispatchers\dispatcher.js:86:14)
    at async DispatcherConnection.dispatch (C:\Users\AKILAN~1\AppData\Local\Temp\playwright-java-3241920791518933275\package\lib\server\dispatchers\dispatcher.js:351:22)
}
at com.microsoft.playwright.impl.Connection.dispatch(Connection.java:257)
at com.microsoft.playwright.impl.Connection.processOneMessage(Connection.java:209)
at com.microsoft.playwright.impl.ChannelOwner.runUntil(ChannelOwner.java:118)
... 38 more
... Removed 27 stack frames]]>
    </failure>
  </testcase> <!-- registerUSer -->
</testsuite> <!-- Test(failed) -->
