<?xml version="1.0" encoding="UTF-8"?>
<testng-results ignored="0" total="1" passed="1" failed="0" skipped="0">
  <reporter-output>
  </reporter-output>
  <suite started-at="2024-01-10T09:17:44 IST" name="Default suite" finished-at="2024-01-10T09:18:08 IST" duration-ms="24045">
    <groups>
    </groups>
    <test started-at="2024-01-10T09:17:44 IST" name="Default test" finished-at="2024-01-10T09:18:08 IST" duration-ms="24045">
      <class name="playwrightpomtests.TabsHandlingInPlayWright">
        <test-method signature="testWindowFrames()[pri:0, instance:playwrightpomtests.TabsHandlingInPlayWright@32ee6fee]" started-at="2024-01-10T09:17:44 IST" name="testWindowFrames" finished-at="2024-01-10T09:18:08 IST" duration-ms="23941" status="PASS">
          <reporter-output>
          </reporter-output>
        </test-method> <!-- testWindowFrames -->
      </class> <!-- playwrightpomtests.TabsHandlingInPlayWright -->
    </test> <!-- Default test -->
  </suite> <!-- Default suite -->
</testng-results>
